<?xml version="1.0" encoding="UTF-8"?>
<!-- Generated by org.testng.reporters.JUnitReportReporter -->
<testsuite name="Test.Perform_Search" tests="1" time="25.394" ignored="0" failures="0" timestamp="30 Dec 2016 07:08:54 GMT" skipped="0" hostname="DESKTOP-1SUCFA2" errors="0">
  <testcase name="SearchItem_Flipkart" time="25.394" classname="Test.Perform_Search"/>
</testsuite> <!-- Test.Perform_Search -->
