<?xml version="1.0" encoding="UTF-8"?>
<!-- Generated by org.testng.reporters.JUnitReportReporter -->
<testsuite name="Test.HomePageTest" tests="1" time="34.820" ignored="0" failures="0" timestamp="25 Dec 2016 17:59:29 GMT" skipped="0" hostname="Sundar" errors="0">
  <testcase name="PerformSearch" time="34.820" classname="Test.HomePageTest"/>
</testsuite> <!-- Test.HomePageTest -->
