<?xml version="1.0" encoding="UTF-8"?>
<!-- Generated by org.testng.reporters.JUnitReportReporter -->
<testsuite name="Test.LoginTest" tests="1" time="45.049" ignored="0" failures="0" timestamp="12 Apr 2018 17:34:03 GMT" skipped="0" hostname="sundaravadivel" errors="0">
  <testcase name="Login_Flipkart" time="45.049" classname="Test.LoginTest"/>
</testsuite> <!-- Test.LoginTest -->
